This is pdfTeX, Version 3.141592653-2.6-1.40.25 (TeX Live 2023/Debian) (preloaded format=pdflatex 2025.12.7)  8 DEC 2025 12:25
entering extended mode
 restricted \write18 enabled.
 file:line:error style messages enabled.
 %&-line parsing enabled.
**/home/billygrahan/Modelo_de_Trabalho_Acadêmico_UFC/documento.tex
(/home/billygrahan/Modelo_de_Trabalho_Acadêmico_UFC/documento.tex
LaTeX2e <2023-11-01> patch level 1
L3 programming layer <2024-01-22>
(/usr/share/texlive/texmf-dist/tex/latex/abntex2/abntex2.cls
Document Class: abntex2 2018/11/24 v-1.9.7 abnTeX2
(/usr/share/texlive/texmf-dist/tex/latex/base/ifthen.sty
Package: ifthen 2022/04/13 v1.1d Standard LaTeX ifthen package (DPC)
) (/usr/share/texlive/texmf-dist/tex/latex/memoir/memoir.cls
Document Class: memoir 2024/01/26 v3.8.2 configurable book, report, article document class
(/usr/share/texlive/texmf-dist/tex/latex/xpatch/xpatch.sty (/usr/share/texlive/texmf-dist/tex/latex/l3kernel/expl3.sty
Package: expl3 2024-01-22 L3 programming layer (loader) 
 (/usr/share/texlive/texmf-dist/tex/latex/l3backend/l3backend-pdftex.def
File: l3backend-pdftex.def 2024-01-04 L3 backend support: PDF output (pdfTeX)
\l__color_backend_stack_int=\count187
\l__pdf_internal_box=\box51
))
Package: xpatch 2020/03/25 v0.3a Extending etoolbox patching commands
 (/usr/share/texlive/texmf-dist/tex/latex/l3packages/xparse/xparse.sty
Package: xparse 2023-10-10 L3 Experimental document command parser
) (/usr/share/texlive/texmf-dist/tex/latex/etoolbox/etoolbox.sty
Package: etoolbox 2020/10/05 v2.5k e-TeX tools for LaTeX (JAW)
\etb@tempcnta=\count188
))
\onelineskip=\skip48
\lxvchars=\skip49
\xlvchars=\skip50
\@memcnta=\count189
\c@@memmarkcntra=\count190
 (/usr/share/texlive/texmf-dist/tex/generic/iftex/iftex.sty
Package: iftex 2022/02/03 v1.0f TeX engine tests
)
\trimtop=\skip51
\trimedge=\skip52
 (/usr/share/texlive/texmf-dist/tex/latex/base/fleqn.clo
File: fleqn.clo 2016/12/29 v1.2b Standard LaTeX option (flush left equations)
\mathindent=\skip53
Applying: [2015/01/01] Make \[ robust on input line 50.
LaTeX Info: Redefining \[ on input line 51.
Already applied: [0000/00/00] Make \[ robust on input line 62.
Applying: [2015/01/01] Make \] robust on input line 74.
LaTeX Info: Redefining \] on input line 75.
Already applied: [0000/00/00] Make \] robust on input line 83.
) (/usr/share/texlive/texmf-dist/tex/latex/memoir/mem12.clo
File: mem12.clo 2022/07/29 v0.5 memoir class 12pt size option
)
\binding=\skip54
\spinemargin=\skip55
\foremargin=\skip56
\uppermargin=\skip57
\lowermargin=\skip58
\headdrop=\skip59
\normalrulethickness=\skip60
\mem@maxheadheight=\skip61
\mem@maxfootheight=\skip62
\headwidth=\skip63
\c@storedpagenumber=\count191
\memPD=\dimen140
\m@mabparskip=\skip64
\thanksmarkwidth=\skip65
\thanksmarksep=\skip66
\droptitle=\skip67
\c@book=\count192
\c@part=\count193
\c@chapter=\count194
\c@section=\count195
\c@subsection=\count196
\c@subsubsection=\count197
\c@paragraph=\count198
\c@subparagraph=\count199
\beforechapskip=\skip68
\midchapskip=\skip69
\afterchapskip=\skip70
\chapindent=\skip71
\bottomsectionskip=\skip72
\secindent=\skip73
\beforesecskip=\skip74
\aftersecskip=\skip75
\subsecindent=\skip76
\beforesubsecskip=\skip77
\aftersubsecskip=\skip78
\subsubsecindent=\skip79
\beforesubsubsecskip=\skip80
\aftersubsubsecskip=\skip81
\paraindent=\skip82
\beforeparaskip=\skip83
\afterparaskip=\skip84
\subparaindent=\skip85
\beforesubparaskip=\skip86
\aftersubparaskip=\skip87
\pfbreakskip=\skip88
\c@@ppsavesec=\count266
\c@@ppsaveapp=\count267
\ragrparindent=\dimen141
\everylistparindent=\dimen142
\parsepi=\skip89
\topsepi=\skip90
\itemsepi=\skip91
\parsepii=\skip92
\topsepii=\skip93
\topsepiii=\skip94
\itemsepii=\skip95
\itemsepiii=\skip96
\partopsepii=\skip97
\partopsepiii=\skip98
\m@msavetopsep=\skip99
\m@msavepartopsep=\skip100
\@enLab=\toks17
\abstitleskip=\skip101
\absleftindent=\skip102
\abs@leftindent=\dimen143
\absrightindent=\skip103
\absparindent=\skip104
\absparsep=\skip105
\c@vslineno=\count268
\c@poemline=\count269
\c@modulo@vs=\count270
\c@memfvsline=\count271
\vleftskip=\skip106
\vrightskip=\skip107
\stanzaskip=\skip108
\versewidth=\skip109
\vgap=\skip110
\vindent=\skip111
\vleftmargin=\dimen144
\c@verse=\count272
\c@chrsinstr=\count273
\beforepoemtitleskip=\skip112
\afterpoemtitleskip=\skip113
\c@poem=\count274
\beforePoemTitleskip=\skip114
\midPoemTitleskip=\skip115
\afterPoemTitleskip=\skip116
 (/usr/share/texlive/texmf-dist/tex/latex/tools/array.sty
Package: array 2023/10/16 v2.5g Tabular extension package (FMi)
\col@sep=\dimen145
\ar@mcellbox=\box52
\extrarowheight=\dimen146
\NC@list=\toks18
\extratabsurround=\skip117
\backup@length=\skip118
\ar@cellbox=\box53
) (/usr/share/texlive/texmf-dist/tex/latex/tools/dcolumn.sty
Package: dcolumn 2023/07/08 v1.06 decimal alignment package (DPC)
) (/usr/share/texlive/texmf-dist/tex/latex/tools/delarray.sty
Package: delarray 2014/10/28 v1.01 array delimiter package (DPC)
) (/usr/share/texlive/texmf-dist/tex/latex/tools/tabularx.sty
Package: tabularx 2023/07/08 v2.11c `tabularx' package (DPC)
\TX@col@width=\dimen147
\TX@old@table=\dimen148
\TX@old@col=\dimen149
\TX@target=\dimen150
\TX@delta=\dimen151
\TX@cols=\count275
\TX@ftn=\toks19
) (/usr/share/texlive/texmf-dist/tex/latex/booktabs/booktabs.sty
Package: booktabs 2020/01/12 v1.61803398 Publication quality tables
\heavyrulewidth=\dimen152
\lightrulewidth=\dimen153
\cmidrulewidth=\dimen154
\belowrulesep=\dimen155
\belowbottomsep=\dimen156
\aboverulesep=\dimen157
\abovetopsep=\dimen158
\cmidrulesep=\dimen159
\cmidrulekern=\dimen160
\defaultaddspace=\dimen161
\@cmidla=\count276
\@cmidlb=\count277
\@aboverulesep=\dimen162
\@belowrulesep=\dimen163
\@thisruleclass=\count278
\@lastruleclass=\count279
\@thisrulewidth=\dimen164
)
\ctableftskip=\skip119
\ctabrightskip=\skip120
\abovecolumnspenalty=\count280
\@linestogo=\count281
\@cellstogo=\count282
\@cellsincolumn=\count283
\crtok=\toks20
\@mincolumnwidth=\dimen165
\c@newflo@tctr=\count284
\mem@margin@floatbox=\box54
\@contcwidth=\skip121
\@contindw=\skip122
\abovecaptionskip=\skip123
\belowcaptionskip=\skip124
\subfloattopskip=\skip125
\subfloatcapskip=\skip126
\subfloatcaptopadj=\skip127
\subfloatbottomskip=\skip128
\subfloatlabelskip=\skip129
\subfloatcapmargin=\dimen166
\c@@contsubnum=\count285
\m@mscap@capbox=\box55
\m@mscap@fbox=\box56
\sidecapsep=\dimen167
\sidecapwidth=\dimen168
\m@m@tempdima=\dimen169
\m@mscapraise=\dimen170
\sidecapraise=\dimen171
\m@mscapmainwidth=\dimen172
\m@mscaplkern=\dimen173
\beforeepigraphskip=\skip130
\afterepigraphskip=\skip131
\epigraphwidth=\skip132
\epigraphrule=\skip133
LaTeX Info: Redefining \em on input line 6932.
LaTeX Info: Redefining \emph on input line 6940.
 (/usr/share/texlive/texmf-dist/tex/latex/hyperref/nameref.sty
Package: nameref 2023-11-26 v2.56 Cross-referencing by name of section
 (/usr/share/texlive/texmf-dist/tex/latex/refcount/refcount.sty
Package: refcount 2019/12/15 v3.6 Data extraction from label references (HO)
 (/usr/share/texlive/texmf-dist/tex/generic/ltxcmds/ltxcmds.sty
Package: ltxcmds 2023-12-04 v1.26 LaTeX kernel commands for general use (HO)
) (/usr/share/texlive/texmf-dist/tex/generic/infwarerr/infwarerr.sty
Package: infwarerr 2019/12/03 v1.5 Providing info/warning/error messages (HO)
)) (/usr/share/texlive/texmf-dist/tex/generic/gettitlestring/gettitlestring.sty
Package: gettitlestring 2019/12/15 v1.6 Cleanup title references (HO)
 (/usr/share/texlive/texmf-dist/tex/latex/kvoptions/kvoptions.sty
Package: kvoptions 2022-06-15 v3.15 Key value format for package options (HO)
 (/usr/share/texlive/texmf-dist/tex/latex/graphics/keyval.sty
Package: keyval 2022/05/29 v1.15 key=value parser (DPC)
\KV@toks@=\toks21
) (/usr/share/texlive/texmf-dist/tex/latex/kvsetkeys/kvsetkeys.sty
Package: kvsetkeys 2022-10-05 v1.19 Key value parser (HO)
)))
\c@section@level=\count286
)
\tocentryskip=\skip134
\tocbaseline=\skip135
\cftparskip=\skip136
\cftbeforebookskip=\skip137
\cftbookindent=\dimen174
\cftbooknumwidth=\dimen175
\cftbeforepartskip=\skip138
\cftpartindent=\skip139
\cftpartnumwidth=\skip140
\cftbeforechapterskip=\skip141
\cftchapterindent=\skip142
\cftchapternumwidth=\skip143
\cftbeforesectionskip=\skip144
\cftsectionindent=\skip145
\cftsectionnumwidth=\skip146
\cftbeforesubsectionskip=\skip147
\cftsubsectionindent=\skip148
\cftsubsectionnumwidth=\skip149
\cftbeforesubsubsectionskip=\skip150
\cftsubsubsectionindent=\skip151
\cftsubsubsectionnumwidth=\skip152
\cftbeforeparagraphskip=\skip153
\cftparagraphindent=\skip154
\cftparagraphnumwidth=\skip155
\cftbeforesubparagraphskip=\skip156
\cftsubparagraphindent=\skip157
\cftsubparagraphnumwidth=\skip158
\prechapterprecisshift=\dimen176
\c@maxsecnumdepth=\count287
\bibindent=\dimen177
\bibitemsep=\skip159
\indexcolsep=\skip160
\indexrule=\skip161
\indexmarkstyle=\toks22
\@indexbox=\insert252
LaTeX Info: Redefining \raggedbottom on input line 7935.
LaTeX Info: Redefining \flushbottom on input line 7939.
\glossarycolsep=\dimen178
\glossaryrule=\dimen179
\sideparvshift=\skip162
\sideins=\insert251
\sidebartopsep=\skip163
\sidebarhsep=\skip164
\sidebarvsep=\skip165
\sidebarwidth=\skip166
\footmarkwidth=\skip167
\footmarksep=\skip168
\footparindent=\skip169
\footinsdim=\skip170
\footinsv@r=\insert250
\@mpfootinsv@r=\insert249
\m@m@k=\count288
\m@m@h=\dimen180
\m@mipn@skip=\skip171
\sidefootins=\insert248
\sidefootadjust=\skip172
\sidefootheight=\skip173
\sidefoothsep=\skip174
\sidefootvsep=\skip175
\sidefootwidth=\skip176
\m@mdownsf=\skip177
\c@sidefootnote=\count289
\sidefootmarkwidth=\skip178
\sidefootmarksep=\skip179
\sidefootparindent=\skip180
\c@pagenote=\count290
\c@pagenoteshadow=\count291
\mem@pn@lastkern=\skip181
 (/usr/share/texlive/texmf-dist/tex/latex/tools/verbatim.sty
Package: verbatim 2023-11-06 v1.5v LaTeX2e package for verbatim enhancements
\every@verbatim=\toks23
\verbatim@line=\toks24
\verbatim@in@stream=\read2
)
\verbatimindent=\skip182
\verbatim@out=\write3
 (/usr/share/texlive/texmf-dist/tex/latex/base/shortvrb.sty
Package: shortvrb 2022/11/13 v3.0m Standard LaTeX documentation package V3 (FMi)
)
\bvboxsep=\skip183
\c@memfbvline=\count292
\c@bvlinectr=\count293
\bvnumlength=\skip184
\fb@frw=\dimen181
\fb@frh=\dimen182
\FrameRule=\dimen183
\FrameSep=\dimen184
\c@cp@cntr=\count294
\c@ism@mctr=\count295
\c@xsm@mctr=\count296
\c@csm@mctr=\count297
\c@ksm@mctr=\count298
\c@xksm@mctr=\count299
\c@cksm@mctr=\count300
\c@msm@mctr=\count301
\c@xmsm@mctr=\count302
\c@cmsm@mctr=\count303
\c@bsm@mctr=\count304
\c@workm@mctr=\count305
\c@sheetsequence=\count306
\c@lastsheet=\count307
\c@lastpage=\count308
 (/usr/share/texlive/texmf-dist/tex/latex/textcase/textcase.sty
Package: textcase 2023/07/27 v1.04 Text only upper/lower case changing (DPC)
Package textcase Info: Defining Legacy names on input line 20.
)
\c@figure=\count309
\c@lofdepth=\count310
\cftbeforefigureskip=\skip185
\cftfigureindent=\skip186
\cftfigurenumwidth=\skip187
\c@table=\count311
\c@lotdepth=\count312
\cftbeforetableskip=\skip188
\cfttableindent=\skip189
\cfttablenumwidth=\skip190
Package abstract [2008/07/23] emulated by memoir.
Package appendix [2008/07/23] emulated by memoir.
Package ccaption [2008/07/23] emulated by memoir.
Package changepage [2008/07/23] emulated by memoir.
Package chngcntr [2008/07/23] emulated by memoir.
Package chngpage [2008/07/23] emulated by memoir.
Package crop emulated by memoir.
Package enumerate [2008/07/23] emulated by memoir.
Package epigraph [2008/07/23] emulated by memoir.
Package ifmtarg [2008/07/23] emulated by memoir.
Package index [2008/07/23] emulated by memoir.
Package makeidx [2008/07/23] emulated by memoir.
Package moreverb [2008/07/23] emulated by memoir.
Package needspace [2008/07/23] emulated by memoir.
Package newfile [2008/07/23] emulated by memoir.
Package nextpage [2008/07/23] emulated by memoir.
Package pagenote [2008/07/23] emulated by memoir.
Package parskip [2008/07/23] emulated by memoir.
Package patchcmd [2008/07/23] emulated by memoir.
Package setspace [2008/07/23] emulated by memoir.
Package shortvrb [2008/07/23] emulated by memoir.
Package showidx [2008/07/23] emulated by memoir.
Package titleref [2008/07/23] emulated by memoir.
Package titling [2008/07/23] emulated by memoir.
Package tocbibind [2008/07/23] emulated by memoir.
Package tocloft [2008/07/23] emulated by memoir.
Package tocvsec2 [2008/07/23] emulated by memoir.
Package verbatim [2008/07/23] emulated by memoir.
Package verse [2008/07/23] emulated by memoir.
) (/usr/share/texlive/texmf-dist/tex/latex/hyperref/hyperref.sty
Package: hyperref 2024-01-20 v7.01h Hypertext links for LaTeX
 (/usr/share/texlive/texmf-dist/tex/generic/kvdefinekeys/kvdefinekeys.sty
Package: kvdefinekeys 2019-12-19 v1.6 Define keys (HO)
) (/usr/share/texlive/texmf-dist/tex/generic/pdfescape/pdfescape.sty
Package: pdfescape 2019/12/09 v1.15 Implements pdfTeX's escape features (HO)
 (/usr/share/texlive/texmf-dist/tex/generic/pdftexcmds/pdftexcmds.sty
Package: pdftexcmds 2020-06-27 v0.33 Utility functions of pdfTeX for LuaTeX (HO)
Package pdftexcmds Info: \pdf@primitive is available.
Package pdftexcmds Info: \pdf@ifprimitive is available.
Package pdftexcmds Info: \pdfdraftmode found.
)) (/usr/share/texlive/texmf-dist/tex/latex/hycolor/hycolor.sty
Package: hycolor 2020-01-27 v1.10 Color options for hyperref/bookmark (HO)
) (/usr/share/texlive/texmf-dist/tex/latex/auxhook/auxhook.sty
Package: auxhook 2019-12-17 v1.6 Hooks for auxiliary files (HO)
)
\@linkdim=\dimen185
\Hy@linkcounter=\count313
\Hy@pagecounter=\count314
 (/usr/share/texlive/texmf-dist/tex/latex/hyperref/pd1enc.def
File: pd1enc.def 2024-01-20 v7.01h Hyperref: PDFDocEncoding definition (HO)
Now handling font encoding PD1 ...
... no UTF-8 mapping file for font encoding PD1
) (/usr/share/texlive/texmf-dist/tex/generic/intcalc/intcalc.sty
Package: intcalc 2019/12/15 v1.3 Expandable calculations with integers (HO)
)
\Hy@SavedSpaceFactor=\count315
 (/usr/share/texlive/texmf-dist/tex/latex/hyperref/puenc.def
File: puenc.def 2024-01-20 v7.01h Hyperref: PDF Unicode definition (HO)
Now handling font encoding PU ...
... no UTF-8 mapping file for font encoding PU
)
Package hyperref Info: Hyper figures OFF on input line 4179.
Package hyperref Info: Link nesting OFF on input line 4184.
Package hyperref Info: Hyper index ON on input line 4187.
Package hyperref Info: Plain pages OFF on input line 4194.
Package hyperref Info: Backreferencing OFF on input line 4199.
Package hyperref Info: Implicit mode ON; LaTeX internals redefined.
Package hyperref Info: Bookmarks ON on input line 4446.
\c@Hy@tempcnt=\count316
 (/usr/share/texlive/texmf-dist/tex/latex/url/url.sty
\Urlmuskip=\muskip16
Package: url 2013/09/16  ver 3.4  Verb mode for urls, etc.
)
LaTeX Info: Redefining \url on input line 4784.
\XeTeXLinkMargin=\dimen186
 (/usr/share/texlive/texmf-dist/tex/generic/bitset/bitset.sty
Package: bitset 2019/12/09 v1.3 Handle bit-vector datatype (HO)
 (/usr/share/texlive/texmf-dist/tex/generic/bigintcalc/bigintcalc.sty
Package: bigintcalc 2019/12/15 v1.5 Expandable calculations on big integers (HO)
))
\Fld@menulength=\count317
\Field@Width=\dimen187
\Fld@charsize=\dimen188
Package hyperref Info: Hyper figures OFF on input line 6063.
Package hyperref Info: Link nesting OFF on input line 6068.
Package hyperref Info: Hyper index ON on input line 6071.
Package hyperref Info: backreferencing OFF on input line 6078.
Package hyperref Info: Link coloring OFF on input line 6083.
Package hyperref Info: Link coloring with OCG OFF on input line 6088.
Package hyperref Info: PDF/A mode OFF on input line 6093.
 (/usr/share/texlive/texmf-dist/tex/latex/base/atbegshi-ltx.sty
Package: atbegshi-ltx 2021/01/10 v1.0c Emulation of the original atbegshi
package with kernel methods
)
\Hy@abspage=\count318
\c@Item=\count319
\c@Hfootnote=\count320
)
Package hyperref Info: Driver (autodetected): hpdftex.
 (/usr/share/texlive/texmf-dist/tex/latex/hyperref/hpdftex.def
File: hpdftex.def 2024-01-20 v7.01h Hyperref driver for pdfTeX
 (/usr/share/texlive/texmf-dist/tex/latex/base/atveryend-ltx.sty
Package: atveryend-ltx 2020/08/19 v1.0a Emulation of the original atveryend package
with kernel methods
)
\Fld@listcount=\count321
\c@bookmark@seq@number=\count322
 (/usr/share/texlive/texmf-dist/tex/latex/rerunfilecheck/rerunfilecheck.sty
Package: rerunfilecheck 2022-07-10 v1.10 Rerun checks for auxiliary files (HO)
 (/usr/share/texlive/texmf-dist/tex/generic/uniquecounter/uniquecounter.sty
Package: uniquecounter 2019/12/15 v1.4 Provide unlimited unique counter (HO)
)
Package uniquecounter Info: New unique counter `rerunfilecheck' on input line 285.
)
\Hy@SectionHShift=\skip191
) (/usr/share/texlive/texmf-dist/tex/latex/memoir/memhfixc.sty
Package: memhfixc 2023/09/10 v1.22 hyperref package fixes for memoir class
\c@memhycontfloat=\count323
\c@Hpagenote=\count324
) (/usr/share/texlive/texmf-dist/tex/latex/bookmark/bookmark.sty
Package: bookmark 2023-12-10 v1.31 PDF bookmarks (HO)
 (/usr/share/texlive/texmf-dist/tex/latex/bookmark/bkm-pdftex.def
File: bkm-pdftex.def 2023-12-10 v1.31 bookmark driver for pdfTeX and luaTeX (HO)
\BKM@id=\count325
)) (/usr/share/texlive/texmf-dist/tex/generic/babel/babel.sty
Package: babel 2024/01/07 v24.1 The Babel package
\babel@savecnt=\count326
\U@D=\dimen189
\l@unhyphenated=\language89
 (/usr/share/texlive/texmf-dist/tex/generic/babel/txtbabel.def)
\bbl@readstream=\read3
\bbl@dirlevel=\count327
 (/usr/share/texlive/texmf-dist/tex/generic/babel-english/english.ldf
Language: english 2017/06/06 v3.3r English support from the babel system
Package babel Info: Hyphen rules for 'canadian' set to \l@english
(babel)             (\language0). Reported on input line 102.
Package babel Info: Hyphen rules for 'australian' set to \l@ukenglish
(babel)             (\language42). Reported on input line 105.
Package babel Info: Hyphen rules for 'newzealand' set to \l@ukenglish
(babel)             (\language42). Reported on input line 108.
) (/usr/share/texlive/texmf-dist/tex/generic/babel-spanish/spanish.ldf
Language: spanish.ldf 2021/05/27 v5.0q Spanish support from the babel system
\es@quottoks=\toks25
\es@quotdepth=\count328
Package babel Info: Making " an active character on input line 570.
Package babel Info: Making . an active character on input line 675.
Package babel Info: Making < an active character on input line 722.
Package babel Info: Making > an active character on input line 722.
) (/usr/share/texlive/texmf-dist/tex/generic/babel-portuges/brazil.ldf
Language: portuges 2021/07/09 v1.2t Portuguese support from the babel system
Package babel Info: Hyphen rules for 'brazil' set to \l@portuguese
(babel)             (\language82). Reported on input line 111.
)) (/usr/share/texlive/texmf-dist/tex/generic/babel/locale/es/babel-spanish.tex
Package babel Info: Importing font and identification data for spanish
(babel)             from babel-es.ini. Reported on input line 11.
) (/usr/share/texlive/texmf-dist/tex/generic/babel/locale/en/babel-english.tex
Package babel Info: Importing font and identification data for english
(babel)             from babel-en.ini. Reported on input line 11.
) (/usr/share/texlive/texmf-dist/tex/latex/enumitem/enumitem.sty
Package: enumitem 2019/06/20 v3.9 Customized lists
\labelindent=\skip192
\enit@outerparindent=\dimen190
\enit@toks=\toks26
\enit@inbox=\box57
\enit@count@id=\count329
\enitdp@description=\count330
) (/usr/share/texlive/texmf-dist/tex/latex/tools/calc.sty
Package: calc 2023/07/08 v4.3 Infix arithmetic (KKT,FJ)
\calc@Acount=\count331
\calc@Bcount=\count332
\calc@Adimen=\dimen191
\calc@Bdimen=\dimen192
\calc@Askip=\skip193
\calc@Bskip=\skip194
LaTeX Info: Redefining \setlength on input line 80.
LaTeX Info: Redefining \addtolength on input line 81.
\calc@Ccount=\count333
\calc@Cskip=\skip195
)

******************************************************
Stock height and width: 845.04684pt by 597.50787pt
Top and edge trims: 0pt and 0pt
Page height and width: 845.04684pt by 597.50787pt
Text height and width: 708pt by 455pt
Spine and edge margins: 85.35826pt and 56.9055pt
Upper and lower margins: 85.35826pt and 51.68858pt
Headheight and headsep: 14.5pt and 19.8738pt
Footskip: 30pt
Columnsep and columnseprule: 10pt and 0pt
Marginparsep and marginparwidth: 7pt and 42.9055pt
Sidecapsep and sidecapwidth: 7pt and 42pt
Sidebarhsep and sidebarwidth: 7pt and 42pt
Sidebarvsep and sidebartopsep: 14.5pt and 0pt
Sidebarheight: 590.14995pt
Sidefoothsep and sidefootwidth: 7pt and 42pt
Sidefootvsep and sidefootheight: 14.5pt and 590.14995pt
******************************************************

\c@abntex@bookmarkcounter=\count334
\cftlastnumwidth=\skip196
\chapternamenumlength=\skip197
\ABNTEXcitacaorecuo=\skip198
\c@alineasi=\count335
\c@alineasii=\count336
\enitdp@alineas=\count337
\c@subalineasi=\count338
\enitdp@subalineas=\count339
\c@incisosi=\count340
\enitdp@incisos=\count341
\ABNTEXsignwidth=\skip199
\ABNTEXsignthickness=\skip256
\ABNTEXsignskip=\skip257
) (./lib/preambulo.tex (/usr/share/texlive/texmf-dist/tex/latex/base/inputenc.sty
Package: inputenc 2021/02/14 v1.3d Input encoding file
\inpenc@prehook=\toks27
\inpenc@posthook=\toks28
) (/usr/share/texlive/texmf-dist/tex/latex/base/fontenc.sty
Package: fontenc 2021/04/29 v2.0v Standard LaTeX package
) (/usr/share/texlive/texmf-dist/tex/latex/graphics/graphicx.sty
Package: graphicx 2021/09/16 v1.2d Enhanced LaTeX Graphics (DPC,SPQR)
 (/usr/share/texlive/texmf-dist/tex/latex/graphics/graphics.sty
Package: graphics 2022/03/10 v1.4e Standard LaTeX Graphics (DPC,SPQR)
 (/usr/share/texlive/texmf-dist/tex/latex/graphics/trig.sty
Package: trig 2021/08/11 v1.11 sin cos tan (DPC)
) (/usr/share/texlive/texmf-dist/tex/latex/graphics-cfg/graphics.cfg
File: graphics.cfg 2016/06/04 v1.11 sample graphics configuration
)
Package graphics Info: Driver file: pdftex.def on input line 107.
 (/usr/share/texlive/texmf-dist/tex/latex/graphics-def/pdftex.def
File: pdftex.def 2022/09/22 v1.2b Graphics/color driver for pdftex
))
\Gin@req@height=\dimen193
\Gin@req@width=\dimen194
) (/usr/share/texlive/texmf-dist/tex/latex/amsfonts/amsfonts.sty
Package: amsfonts 2013/01/14 v3.01 Basic AMSFonts support
\@emptytoks=\toks29
\symAMSa=\mathgroup4
\symAMSb=\mathgroup5
LaTeX Font Info:    Redeclaring math symbol \hbar on input line 98.
LaTeX Font Info:    Overwriting math alphabet `\mathfrak' in version `bold'
(Font)                  U/euf/m/n --> U/euf/b/n on input line 106.
) (/usr/share/texlive/texmf-dist/tex/latex/amsfonts/amssymb.sty
Package: amssymb 2013/01/14 v3.01 AMS font symbols
) (/usr/share/texlive/texmf-dist/tex/latex/amsmath/amsmath.sty
Package: amsmath 2023/05/13 v2.17o AMS math features
\@mathmargin=\skip258

For additional information on amsmath, use the `?' option.
(/usr/share/texlive/texmf-dist/tex/latex/amsmath/amstext.sty
Package: amstext 2021/08/26 v2.01 AMS text
 (/usr/share/texlive/texmf-dist/tex/latex/amsmath/amsgen.sty
File: amsgen.sty 1999/11/30 v2.0 generic functions
\@emptytoks=\toks30
\ex@=\dimen195
)) (/usr/share/texlive/texmf-dist/tex/latex/amsmath/amsbsy.sty
Package: amsbsy 1999/11/29 v1.2d Bold Symbols
\pmbraise@=\dimen196
) (/usr/share/texlive/texmf-dist/tex/latex/amsmath/amsopn.sty
Package: amsopn 2022/04/08 v2.04 operator names
)
\inf@bad=\count342
LaTeX Info: Redefining \frac on input line 234.
\uproot@=\count343
\leftroot@=\count344
LaTeX Info: Redefining \overline on input line 399.
LaTeX Info: Redefining \colon on input line 410.
\classnum@=\count345
\DOTSCASE@=\count346
LaTeX Info: Redefining \ldots on input line 496.
LaTeX Info: Redefining \dots on input line 499.
LaTeX Info: Redefining \cdots on input line 620.
\Mathstrutbox@=\box58
\strutbox@=\box59
LaTeX Info: Redefining \big on input line 722.
LaTeX Info: Redefining \Big on input line 723.
LaTeX Info: Redefining \bigg on input line 724.
LaTeX Info: Redefining \Bigg on input line 725.
\big@size=\dimen197
LaTeX Font Info:    Redeclaring font encoding OML on input line 743.
LaTeX Font Info:    Redeclaring font encoding OMS on input line 744.
\macc@depth=\count347
LaTeX Info: Redefining \bmod on input line 905.
LaTeX Info: Redefining \pmod on input line 910.
LaTeX Info: Redefining \smash on input line 940.
LaTeX Info: Redefining \relbar on input line 970.
LaTeX Info: Redefining \Relbar on input line 971.
\c@MaxMatrixCols=\count348
\dotsspace@=\muskip17
\c@parentequation=\count349
\dspbrk@lvl=\count350
\tag@help=\toks31
\row@=\count351
\column@=\count352
\maxfields@=\count353
\andhelp@=\toks32
\eqnshift@=\dimen198
\alignsep@=\dimen199
\tagshift@=\dimen256
\tagwidth@=\dimen257
\totwidth@=\dimen258
\lineht@=\dimen259
\@envbody=\toks33
\multlinegap=\skip259
\multlinetaggap=\skip260
\mathdisplay@stack=\toks34
LaTeX Info: Redefining \[ on input line 2953.
LaTeX Info: Redefining \] on input line 2954.
) (/usr/share/texlive/texmf-dist/tex/latex/multirow/multirow.sty
Package: multirow 2021/03/15 v2.8 Span multiple rows of a table
\multirow@colwidth=\skip261
\multirow@cntb=\count354
\multirow@dima=\skip262
\bigstrutjot=\dimen260
) (/usr/share/texlive/texmf-dist/tex/latex/tools/indentfirst.sty
Package: indentfirst 2023/07/02 v1.03 Indent first paragraph (DPC)
) (/usr/share/texlive/texmf-dist/tex/latex/listings/listings.sty
\lst@mode=\count355
\lst@gtempboxa=\box60
\lst@token=\toks35
\lst@length=\count356
\lst@currlwidth=\dimen261
\lst@column=\count357
\lst@pos=\count358
\lst@lostspace=\dimen262
\lst@width=\dimen263
\lst@newlines=\count359
\lst@lineno=\count360
\lst@maxwidth=\dimen264
 (/usr/share/texlive/texmf-dist/tex/latex/listings/lstmisc.sty
File: lstmisc.sty 2023/02/27 1.9 (Carsten Heinz)
\c@lstnumber=\count361
\lst@skipnumbers=\count362
\lst@framebox=\box61
) (/usr/share/texlive/texmf-dist/tex/latex/listings/listings.cfg
File: listings.cfg 2023/02/27 1.9 listings configuration
))
Package: listings 2023/02/27 1.9 (Carsten Heinz)
 (/usr/share/texlive/texmf-dist/tex/latex/xcolor/xcolor.sty
Package: xcolor 2023/11/15 v3.01 LaTeX color extensions (UK)
 (/usr/share/texlive/texmf-dist/tex/latex/graphics-cfg/color.cfg
File: color.cfg 2016/01/02 v1.6 sample color configuration
)
Package xcolor Info: Driver file: pdftex.def on input line 274.
 (/usr/share/texlive/texmf-dist/tex/latex/graphics/mathcolor.ltx)
Package xcolor Info: Model `cmy' substituted by `cmy0' on input line 1350.
Package xcolor Info: Model `hsb' substituted by `rgb' on input line 1354.
Package xcolor Info: Model `RGB' extended on input line 1366.
Package xcolor Info: Model `HTML' substituted by `rgb' on input line 1368.
Package xcolor Info: Model `Hsb' substituted by `hsb' on input line 1369.
Package xcolor Info: Model `tHsb' substituted by `hsb' on input line 1370.
Package xcolor Info: Model `HSB' substituted by `hsb' on input line 1371.
Package xcolor Info: Model `Gray' substituted by `gray' on input line 1372.
Package xcolor Info: Model `wave' substituted by `hsb' on input line 1373.
) (/usr/share/texlive/texmf-dist/tex/latex/microtype/microtype.sty
Package: microtype 2023/03/13 v3.1a Micro-typographical refinements (RS)
\MT@toks=\toks36
\MT@tempbox=\box62
\MT@count=\count363
LaTeX Info: Redefining \noprotrusionifhmode on input line 1059.
LaTeX Info: Redefining \leftprotrusion on input line 1060.
\MT@prot@toks=\toks37
LaTeX Info: Redefining \rightprotrusion on input line 1078.
LaTeX Info: Redefining \textls on input line 1368.
\MT@outer@kern=\dimen265
LaTeX Info: Redefining \textmicrotypecontext on input line 1988.
\MT@listname@count=\count364
 (/usr/share/texlive/texmf-dist/tex/latex/microtype/microtype-pdftex.def
File: microtype-pdftex.def 2023/03/13 v3.1a Definitions specific to pdftex (RS)
LaTeX Info: Redefining \lsstyle on input line 902.
LaTeX Info: Redefining \lslig on input line 902.
\MT@outer@space=\skip263
)
Package microtype Info: Loading configuration file microtype.cfg.
 (/usr/share/texlive/texmf-dist/tex/latex/microtype/microtype.cfg
File: microtype.cfg 2023/03/13 v3.1a microtype main configuration file (RS)
)) (/usr/share/texlive/texmf-dist/tex/latex/algorithm2e/algorithm2e.sty
Package: algorithm2e 2017/07/18 v5.2 algorithms environments
\c@AlgoLine=\count365
\algocf@hangindent=\skip264
 (/usr/share/texlive/texmf-dist/tex/latex/ifoddpage/ifoddpage.sty
Package: ifoddpage 2022/10/18 v1.2 Conditionals for odd/even page detection
\c@checkoddpage=\count366
LaTeX Info: Redefining \checkoddpage on input line 45.
) (/usr/share/texlive/texmf-dist/tex/latex/tools/xspace.sty
Package: xspace 2014/10/28 v1.13 Space after command names (DPC,MH)
) (/usr/share/texlive/texmf-dist/tex/latex/relsize/relsize.sty
Package: relsize 2013/03/29 ver 4.1
)
\skiptotal=\skip265
\skiplinenumber=\skip266
\skiprule=\skip267
\skiphlne=\skip268
\skiptext=\skip269
\skiplength=\skip270
\algomargin=\skip271
\skipalgocfslide=\skip272
\algowidth=\dimen266
\inoutsize=\dimen267
\inoutindent=\dimen268
\interspacetitleruled=\dimen269
\interspacealgoruled=\dimen270
\interspacetitleboxruled=\dimen271
\algocf@ruledwidth=\skip273
\algocf@inoutbox=\box63
\algocf@inputbox=\box64
\AlCapSkip=\skip274
\AlCapHSkip=\skip275
\algoskipindent=\skip276
\algocf@nlbox=\box65
\algocf@hangingbox=\box66
\algocf@untilbox=\box67
\algocf@skipuntil=\skip277
\algocf@capbox=\box68
\algocf@lcaptionbox=\skip278
\algoheightruledefault=\skip279
\algoheightrule=\skip280
\algotitleheightruledefault=\skip281
\algotitleheightrule=\skip282
\c@algocfline=\count367
\c@algocfproc=\count368
\c@algocf=\count369
\algocf@algoframe=\box69
\algocf@algobox=\box70
) (/usr/share/texlive/texmf-dist/tex/latex/algorithms/algorithmic.sty
Package: algorithmic 2009/08/24 v0.1 Document Style `algorithmic'
\c@ALC@unique=\count370
\c@ALC@line=\count371
\c@ALC@rem=\count372
\c@ALC@depth=\count373
\ALC@tlm=\skip283
\algorithmicindent=\skip284
) (/usr/share/texlive/texmf-dist/tex/latex/lipsum/lipsum.sty (/usr/share/texlive/texmf-dist/tex/latex/l3packages/l3keys2e/l3keys2e.sty
Package: l3keys2e 2023-10-10 LaTeX2e option processing using LaTeX3 keys
)
Package: lipsum 2021-09-20 v2.7 150 paragraphs of Lorem Ipsum dummy text
\g__lipsum_par_int=\count374
\l__lipsum_a_int=\count375
\l__lipsum_b_int=\count376
 (/usr/share/texlive/texmf-dist/tex/latex/lipsum/lipsum.ltd.tex)) (/usr/share/texlive/texmf-dist/tex/latex/glossaries/base/glossaries.sty
Package: glossaries 2023/09/29 v4.53 (NLCT)
 (/usr/share/texlive/texmf-dist/tex/latex/xkeyval/xkeyval.sty
Package: xkeyval 2022/06/16 v2.9 package option processing (HA)
 (/usr/share/texlive/texmf-dist/tex/generic/xkeyval/xkeyval.tex (/usr/share/texlive/texmf-dist/tex/generic/xkeyval/xkvutils.tex
\XKV@toks=\toks38
\XKV@tempa@toks=\toks39
)
\XKV@depth=\count377
File: xkeyval.tex 2014/12/03 v2.7a key=value parser (HA)
)) (/usr/share/texlive/texmf-dist/tex/latex/mfirstuc/mfirstuc.sty
Package: mfirstuc 2022/10/14 v2.08 (NLCT)
\@glsmfirst=\toks40
\@glsmrest=\toks41
) (/usr/share/texlive/texmf-dist/tex/latex/xfor/xfor.sty
Package: xfor 2009/02/05 v1.05 (NLCT)
) (/usr/share/texlive/texmf-dist/tex/latex/datatool/datatool-base.sty
Package: datatool-base 2019/09/27 v2.32 (NLCT)
 (/usr/share/texlive/texmf-dist/tex/latex/substr/substr.sty
Package: substr 2009/10/20 v1.2 Handle substrings
\c@su@anzahl=\count378
) (/usr/share/texlive/texmf-dist/tex/latex/datatool/datatool-fp.sty
Package: datatool-fp 2019/09/27 v2.32 (NLCT)
 (/usr/share/texlive/texmf-dist/tex/latex/fp/fp.sty
Package: fp 1995/04/02
 `Fixed Point Package', Version 0.8, April 2, 1995 (C) Michael Mehlich (/usr/share/texlive/texmf-dist/tex/latex/fp/defpattern.sty
Package: defpattern 1994/10/12
\actioncount=\count379
) (/usr/share/texlive/texmf-dist/tex/latex/fp/fp-basic.sty
Package: fp-basic 1996/05/13
\FP@xs=\count380
\FP@xia=\count381
\FP@xib=\count382
\FP@xfa=\count383
\FP@xfb=\count384
\FP@rega=\count385
\FP@regb=\count386
\FP@regs=\count387
\FP@times=\count388
) (/usr/share/texlive/texmf-dist/tex/latex/fp/fp-addons.sty
Package: fp-addons 1995/03/15
) (/usr/share/texlive/texmf-dist/tex/latex/fp/fp-snap.sty
Package: fp-snap 1995/04/05
) (/usr/share/texlive/texmf-dist/tex/latex/fp/fp-exp.sty
Package: fp-exp 1995/04/03
) (/usr/share/texlive/texmf-dist/tex/latex/fp/fp-trigo.sty
Package: fp-trigo 1995/04/14
) (/usr/share/texlive/texmf-dist/tex/latex/fp/fp-pas.sty
Package: fp-pas 1994/08/29
) (/usr/share/texlive/texmf-dist/tex/latex/fp/fp-random.sty
Package: fp-random 1995/02/23
\FPseed=\count389
) (/usr/share/texlive/texmf-dist/tex/latex/fp/fp-eqn.sty
Package: fp-eqn 1995/04/03
) (/usr/share/texlive/texmf-dist/tex/latex/fp/fp-upn.sty
Package: fp-upn 1996/10/21
) (/usr/share/texlive/texmf-dist/tex/latex/fp/fp-eval.sty
Package: fp-eval 1995/04/03
)))
\@dtl@toks=\toks42
\@dtl@tmpcount=\count390
\dtl@tmplength=\skip285
\dtl@sortresult=\count391
\@dtl@numgrpsepcount=\count392
\@dtl@datatype=\count393
\dtl@codeA=\count394
\dtl@codeB=\count395
\@dtl@foreach@level=\count396
) (/usr/share/texlive/texmf-dist/tex/latex/tracklang/tracklang.sty
Package: tracklang 2022/12/13 v1.6.1 (NLCT) Track Languages
 (/usr/share/texlive/texmf-dist/tex/generic/tracklang/tracklang.tex)) (/usr/share/texlive/texmf-dist/tex/latex/translator/translator.sty
Package: translator 2021-05-31 v1.12d Easy translation of strings in LaTeX
) (/usr/share/texlive/texmf-dist/tex/latex/glossaries-english/glossaries-english.ldf
File: glossaries-english.ldf 2014/11/23 v1.0
) (/usr/share/texlive/texmf-dist/tex/latex/glossaries-spanish/glossaries-spanish.ldf
File: glossaries-spanish.ldf 2014/11/23 v1.0
 (/usr/share/texlive/texmf-dist/tex/latex/glossaries-spanish/glossaries-spanish-utf8.ldf)) (/usr/share/texlive/texmf-dist/tex/latex/glossaries-portuges/glossaries-pt-BR.ldf
File: glossaries-pt-BR.ldf 2014/11/23 v1.0
 (/usr/share/texlive/texmf-dist/tex/latex/glossaries-portuges/glossaries-portuges-utf8.ldf))
\gls@level=\count397
\@gls@tmpb=\toks43
\gls@tmplen=\skip286


Package glossaries Warning: Overriding \printglossary on input line 6158.


Package glossaries Warning: Overriding `theglossary' environment on input line 6752.

\glskeylisttok=\toks44
\glslabeltok=\toks45
\glsshorttok=\toks46
\glslongtok=\toks47
(/usr/share/texlive/texmf-dist/tex/latex/glossaries/styles/glossary-hypernav.sty
Package: glossary-hypernav 2023/09/29 v4.53 (NLCT)
) (/usr/share/texlive/texmf-dist/tex/latex/glossaries/styles/glossary-list.sty
Package: glossary-list 2023/09/29 v4.53 (NLCT)
\glslistdottedwidth=\skip287
) (/usr/share/texlive/texmf-dist/tex/latex/glossaries/styles/glossary-long.sty
Package: glossary-long 2023/09/29 v4.53 (NLCT)
 (/usr/share/texlive/texmf-dist/tex/latex/tools/longtable.sty
Package: longtable 2023-11-01 v4.19 Multi-page Table package (DPC)
\LTleft=\skip288
\LTright=\skip289
\LTpre=\skip290
\LTpost=\skip291
\LTchunksize=\count398
\LTcapwidth=\dimen272
\LT@head=\box71
\LT@firsthead=\box72
\LT@foot=\box73
\LT@lastfoot=\box74
\LT@gbox=\box75
\LT@cols=\count399
\LT@rows=\count400
\c@LT@tables=\count401
\c@LT@chunks=\count402
\LT@p@ftn=\toks48
)
\glsdescwidth=\skip292
\glspagelistwidth=\skip293
) (/usr/share/texlive/texmf-dist/tex/latex/glossaries/styles/glossary-super.sty
Package: glossary-super 2023/09/29 v4.53 (NLCT)
 (/usr/share/texlive/texmf-dist/tex/latex/supertabular/supertabular.sty
Package: supertabular 2020/02/02 v4.1g the supertabular environment
\c@tracingst=\count403
\ST@wd=\dimen273
\ST@rightskip=\skip294
\ST@leftskip=\skip295
\ST@parfillskip=\skip296
\ST@pageleft=\dimen274
\ST@headht=\dimen275
\ST@tailht=\dimen276
\ST@pagesofar=\dimen277
\ST@pboxht=\dimen278
\ST@lineht=\dimen279
\ST@prevht=\dimen280
\ST@toadd=\dimen281
\ST@dimen=\dimen282
\ST@pbox=\box76
)) (/usr/share/texlive/texmf-dist/tex/latex/glossaries/styles/glossary-tree.sty
Package: glossary-tree 2023/09/29 v4.53 (NLCT)
\glstreeindent=\skip297
)) (/usr/share/texlive/texmf-dist/tex/latex/caption/caption.sty
Package: caption 2023/08/05 v3.6o Customizing captions (AR)
 (/usr/share/texlive/texmf-dist/tex/latex/caption/caption3.sty
Package: caption3 2023/07/31 v2.4d caption3 kernel (AR)
\caption@tempdima=\dimen283
\captionmargin=\dimen284
\caption@leftmargin=\dimen285
\caption@rightmargin=\dimen286
\caption@width=\dimen287
\caption@indent=\dimen288
\caption@parindent=\dimen289
\caption@hangindent=\dimen290
Package caption Info: memoir document class detected.
 (/usr/share/texlive/texmf-dist/tex/latex/caption/caption-memoir.sto
File: caption-memoir.sto 2023/09/08 v2.2c Adaption of the caption package to the memoir document class (AR)
))
\c@caption@flags=\count404
\c@continuedfloat=\count405
Package caption Info: changepage package is loaded.
\caption@adjustwidth@hsize=\dimen291
\caption@adjustwidth@linewidth=\dimen292
Package caption Info: hyperref package is loaded.
Package caption Info: listings package is loaded.
Package caption Info: longtable package is loaded.
 (/usr/share/texlive/texmf-dist/tex/latex/caption/ltcaption.sty
Package: ltcaption 2021/01/08 v1.4c longtable captions (AR)
)
Package caption Info: supertabular package is loaded.
) (/usr/share/texlive/texmf-dist/tex/latex/abntex2/abntex2cite.sty
Package: abntex2cite 2018/11/24 v-1.9.7 abnTeX2
 (/usr/share/texlive/texmf-dist/tex/latex/abntex2/abntex2abrev.sty)
\minimumbiblabelwidth=\skip298
\ABCIauxlen=\skip299
\c@ABCIaux=\count406
\c@ABCImax=\count407
 (/usr/share/texlive/texmf-dist/tex/generic/iftex/ifpdf.sty
Package: ifpdf 2019/10/25 v3.4 ifpdf legacy package. Use iftex instead.
) (/usr/share/texlive/texmf-dist/tex/generic/iftex/ifxetex.sty
Package: ifxetex 2019/10/25 v0.7 ifxetex legacy package. Use iftex instead.
)
\biblabelsep=\skip300
LaTeX Info: Redefining \newblock on input line 591.
LaTeX Info: Redefining \cite on input line 618.
\ABCItoken=\toks49
) (/usr/share/texlive/texmf-dist/tex/latex/psnfss/mathptmx.sty
Package: mathptmx 2020/03/25 PSNFSS-v9.3 Times w/ Math, improved (SPQR, WaS) 
LaTeX Font Info:    Redeclaring symbol font `operators' on input line 28.
LaTeX Font Info:    Overwriting symbol font `operators' in version `normal'
(Font)                  OT1/cmr/m/n --> OT1/ztmcm/m/n on input line 28.
LaTeX Font Info:    Overwriting symbol font `operators' in version `bold'
(Font)                  OT1/cmr/bx/n --> OT1/ztmcm/m/n on input line 28.
LaTeX Font Info:    Redeclaring symbol font `letters' on input line 29.
LaTeX Font Info:    Overwriting symbol font `letters' in version `normal'
(Font)                  OML/cmm/m/it --> OML/ztmcm/m/it on input line 29.
LaTeX Font Info:    Overwriting symbol font `letters' in version `bold'
(Font)                  OML/cmm/b/it --> OML/ztmcm/m/it on input line 29.
LaTeX Font Info:    Redeclaring symbol font `symbols' on input line 30.
LaTeX Font Info:    Overwriting symbol font `symbols' in version `normal'
(Font)                  OMS/cmsy/m/n --> OMS/ztmcm/m/n on input line 30.
LaTeX Font Info:    Overwriting symbol font `symbols' in version `bold'
(Font)                  OMS/cmsy/b/n --> OMS/ztmcm/m/n on input line 30.
LaTeX Font Info:    Redeclaring symbol font `largesymbols' on input line 31.
LaTeX Font Info:    Overwriting symbol font `largesymbols' in version `normal'
(Font)                  OMX/cmex/m/n --> OMX/ztmcm/m/n on input line 31.
LaTeX Font Info:    Overwriting symbol font `largesymbols' in version `bold'
(Font)                  OMX/cmex/m/n --> OMX/ztmcm/m/n on input line 31.
\symbold=\mathgroup6
\symitalic=\mathgroup7
LaTeX Font Info:    Redeclaring math alphabet \mathbf on input line 34.
LaTeX Font Info:    Overwriting math alphabet `\mathbf' in version `normal'
(Font)                  OT1/cmr/bx/n --> OT1/ptm/bx/n on input line 34.
LaTeX Font Info:    Overwriting math alphabet `\mathbf' in version `bold'
(Font)                  OT1/cmr/bx/n --> OT1/ptm/bx/n on input line 34.
LaTeX Font Info:    Redeclaring math alphabet \mathit on input line 35.
LaTeX Font Info:    Overwriting math alphabet `\mathit' in version `normal'
(Font)                  OT1/cmr/m/it --> OT1/ptm/m/it on input line 35.
LaTeX Font Info:    Overwriting math alphabet `\mathit' in version `bold'
(Font)                  OT1/cmr/bx/it --> OT1/ptm/m/it on input line 35.
LaTeX Info: Redefining \hbar on input line 50.
) (/usr/share/texlive/texmf-dist/tex/latex/paracol/paracol.sty
Package: paracol 2018/12/31 v1.35 
\pcol@currcol=\count408
\pcol@nextcol=\count409
\pcol@ncol=\count410
\pcol@ncolleft=\count411
\pcol@page=\count412
\pcol@basepage=\count413
\pcol@toppage=\count414
\pcol@footnotebase=\count415
\pcol@nfootnotes=\count416
\pcol@mcid=\count417
\pcol@prevdepth=\dimen293
\pcol@colht=\dimen294
\pcol@textfloatsep=\dimen295
\pcol@lrmargin=\dimen296
\pagerim=\dimen297
\pcol@topskip=\skip301
\belowfootnoteskip=\skip302
\pcol@topfnotes=\box77
\pcol@prespan=\box78
\pcol@rightpage=\box79
\pcol@colorstack@saved=\box80
\pcol@tempboxa=\box81
\pcol@tempboxb=\box82
\pcol@colorins=\insert247
\pcol@everyvbox=\toks50
) (./lib/ufctex.sty (./1-pre-textuais/lista-de-abreviaturas-e-siglas.tex) (./3-pos-textuais/glossario.tex)
\enitdp@alineascomponto=\count418
\c@subalineascompontoi=\count419
\enitdp@subalineascomponto=\count420
\c@alineascomnumeroi=\count421
\c@alineascomnumeroii=\count422
\enitdp@alineascomnumero=\count423
\c@subalineascomnumeroi=\count424
\enitdp@subalineascomnumero=\count425
\c@afirmacao=\count426
\c@argumento=\count427
\c@teo=\count428
\c@lema=\count429
\c@cor=\count430
\c@conjec=\count431
\c@premissa=\count432
\c@procedimento=\count433
\c@heuristica=\count434
\c@axioma=\count435
\c@exem=\count436
\c@xdefinicao=\count437
\c@cdefinicao=\count438
\c@propriedade=\count439
\c@quest=\count440
\c@quadro=\count441
\c@loqdepth=\count442
\cftbeforequadroskip=\skip303
\cftquadroindent=\skip304
\cftquadronumwidth=\skip305
\mylen=\skip306
\cftbeforelstlistingskip=\skip307
\cftlstlistingindent=\skip308
\cftlstlistingnumwidth=\skip309
\myAlgoLen=\skip310
\cftbeforealgocfskip=\skip311
\cftalgocfindent=\skip312
\cftalgocfnumwidth=\skip313
) (/usr/share/texlive/texmf-dist/tex/latex/pdfpages/pdfpages.sty
Package: pdfpages 2024/01/21 v0.5y Insert pages of external PDF documents (AM)
 (/usr/share/texlive/texmf-dist/tex/latex/eso-pic/eso-pic.sty
Package: eso-pic 2023/05/03 v3.0c eso-pic (RN)
\ESO@tempdima=\dimen298
\ESO@tempdimb=\dimen299
)
\AM@pagewidth=\dimen300
\AM@pageheight=\dimen301
\AM@fboxrule=\dimen302
 (/usr/share/texlive/texmf-dist/tex/latex/pdfpages/pppdftex.def
File: pppdftex.def 2024/01/21 v0.5y Pdfpages driver for pdfTeX (AM)
)
\pdfpages@includegraphics@status=\count443
\AM@pagebox=\box83
\AM@global@opts=\toks51
\AM@pagecnt=\count444
\AM@toc@title=\toks52
\AM@lof@heading=\toks53
\c@AM@survey=\count445
\AM@templatesizebox=\box84
)
\glswrite=\write4
\glo@main@file=\write5
\openout5 = `documento.glo'.

Package glossaries Info: Writing glossary file documento.glo on input line 98.
\documento@idxfile=\write6
\openout6 = `documento.idx'.


Writing index file documento.idx 
)
LaTeX Font Info:    Trying to load font information for T1+ptm on input line 233.
 (/usr/share/texlive/texmf-dist/tex/latex/psnfss/t1ptm.fd
File: t1ptm.fd 2001/06/04 font definitions for T1/ptm.
)

LaTeX Warning: Unused global option(s):
    [section,subsection].

(./documento.aux)
\openout1 = `documento.aux'.

LaTeX Font Info:    Checking defaults for OML/cmm/m/it on input line 233.
LaTeX Font Info:    ... okay on input line 233.
LaTeX Font Info:    Checking defaults for OMS/cmsy/m/n on input line 233.
LaTeX Font Info:    ... okay on input line 233.
LaTeX Font Info:    Checking defaults for OT1/cmr/m/n on input line 233.
LaTeX Font Info:    ... okay on input line 233.
LaTeX Font Info:    Checking defaults for T1/cmr/m/n on input line 233.
LaTeX Font Info:    ... okay on input line 233.
LaTeX Font Info:    Checking defaults for TS1/cmr/m/n on input line 233.
LaTeX Font Info:    ... okay on input line 233.
LaTeX Font Info:    Checking defaults for OMX/cmex/m/n on input line 233.
LaTeX Font Info:    ... okay on input line 233.
LaTeX Font Info:    Checking defaults for U/cmr/m/n on input line 233.
LaTeX Font Info:    ... okay on input line 233.
LaTeX Font Info:    Checking defaults for PD1/pdf/m/n on input line 233.
LaTeX Font Info:    ... okay on input line 233.
LaTeX Font Info:    Checking defaults for PU/pdf/m/n on input line 233.
LaTeX Font Info:    ... okay on input line 233.
Package hyperref Info: Link coloring OFF on input line 233.
\myptabbox=\box85
\myptabboxwidth=\skip314
 (/usr/share/texlive/texmf-dist/tex/context/base/mkii/supp-pdf.mkii
[Loading MPS to PDF converter (version 2006.09.02).]
\scratchcounter=\count446
\scratchdimen=\dimen303
\scratchbox=\box86
\nofMPsegments=\count447
\nofMParguments=\count448
\everyMPshowfont=\toks54
\MPscratchCnt=\count449
\MPscratchDim=\dimen304
\MPnumerator=\count450
\makeMPintoPDFobject=\count451
\everyMPtoPDFconversion=\toks55
) (/usr/share/texlive/texmf-dist/tex/latex/epstopdf-pkg/epstopdf-base.sty
Package: epstopdf-base 2020-01-24 v2.11 Base part for package epstopdf
Package epstopdf-base Info: Redefining graphics rule for `.eps' on input line 485.
 (/usr/share/texlive/texmf-dist/tex/latex/latexconfig/epstopdf-sys.cfg
File: epstopdf-sys.cfg 2010/07/13 v1.3 Configuration of (r)epstopdf for TeX Live
))
\c@lstlisting=\count452
LaTeX Info: Redefining \microtypecontext on input line 233.
Package microtype Info: Applying patch `item' on input line 233.
Package microtype Info: Applying patch `toc' on input line 233.
Package microtype Info: Applying patch `eqnum' on input line 233.
Package microtype Info: Applying patch `footnote' on input line 233.
Package microtype Info: Applying patch `verbatim' on input line 233.
Package microtype Info: Generating PDF output.
Package microtype Info: Character protrusion enabled (level 2).
Package microtype Info: Using default protrusion set `alltext'.
Package microtype Info: Automatic font expansion enabled (level 2),
(microtype)             stretch: 20, shrink: 20, step: 1, non-selected.
Package microtype Info: Using default expansion set `alltext-nott'.
LaTeX Info: Redefining \showhyphens on input line 233.
Package microtype Info: No adjustment of tracking.
Package microtype Info: No adjustment of interword spacing.
Package microtype Info: No adjustment of character kerning.
 (/usr/share/texlive/texmf-dist/tex/latex/microtype/mt-ptm.cfg
File: mt-ptm.cfg 2006/04/20 v1.7 microtype config. file: Times (RS)
)
Package caption Info: Begin \AtBeginDocument code.
Package caption Info: End \AtBeginDocument code.
 (/usr/share/texlive/texmf-dist/tex/latex/pdflscape/pdflscape.sty
Package: pdflscape 2022-10-27 v0.13 Display of landscape pages in PDF
 (/usr/share/texlive/texmf-dist/tex/latex/pdflscape/pdflscape-nometadata.sty
Package: pdflscape-nometadata 2022-10-28 v0.13 Display of landscape pages in PDF (HO)
 (/usr/share/texlive/texmf-dist/tex/latex/graphics/lscape.sty
Package: lscape 2020/05/28 v3.02 Landscape Pages (DPC)
)
Package pdflscape Info: Auto-detected driver: pdftex on input line 81.
))
<lib/logo-ufc.png, id=4, 489.83pt x 732.7375pt>
File: lib/logo-ufc.png Graphic file (type png)
<use lib/logo-ufc.png>
Package pdftex.def Info: lib/logo-ufc.png  used on input line 236.
(pdftex.def)             Requested size: 48.98586pt x 73.27803pt.
 [1

\openout4 = `documento.ist'.

{/var/lib/texmf/fonts/map/pdftex/updmap/pdftex.map}{/usr/share/texlive/texmf-dist/fonts/enc/dvips/base/8r.enc} <./lib/logo-ufc.PNG>]
Underfull \hbox (badness 2846) in paragraph at lines 237--237
\T1/ptm/m/n/12 (+20) do Cen-tro de Xxxxxxxx da Uni-ver-si-dade
 []


Underfull \hbox (badness 10000) in paragraph at lines 237--237

 []


Underfull \hbox (badness 10000) in paragraph at lines 237--237

 []

LaTeX Font Info:    Trying to load font information for OT1+ztmcm on input line 237.
(/usr/share/texlive/texmf-dist/tex/latex/psnfss/ot1ztmcm.fd
File: ot1ztmcm.fd 2000/01/03 Fontinst v1.801 font definitions for OT1/ztmcm.
)
Package microtype Info: Loading generic protrusion settings for font family
(microtype)             `ztmcm' (encoding: OT1).
(microtype)             For optimal results, create family-specific settings.
(microtype)             See the microtype manual for details.
LaTeX Font Info:    Trying to load font information for OML+ztmcm on input line 237.
 (/usr/share/texlive/texmf-dist/tex/latex/psnfss/omlztmcm.fd
File: omlztmcm.fd 2000/01/03 Fontinst v1.801 font definitions for OML/ztmcm.
)
LaTeX Font Info:    Trying to load font information for OMS+ztmcm on input line 237.
 (/usr/share/texlive/texmf-dist/tex/latex/psnfss/omsztmcm.fd
File: omsztmcm.fd 2000/01/03 Fontinst v1.801 font definitions for OMS/ztmcm.
)
LaTeX Font Info:    Trying to load font information for OMX+ztmcm on input line 237.
 (/usr/share/texlive/texmf-dist/tex/latex/psnfss/omxztmcm.fd
File: omxztmcm.fd 2000/01/03 Fontinst v1.801 font definitions for OMX/ztmcm.
) (/usr/share/texlive/texmf-dist/tex/latex/microtype/mt-msa.cfg
File: mt-msa.cfg 2006/02/04 v1.1 microtype config. file: AMS symbols (a) (RS)
) (/usr/share/texlive/texmf-dist/tex/latex/microtype/mt-msb.cfg
File: mt-msb.cfg 2005/06/01 v1.0 microtype config. file: AMS symbols (b) (RS)
)
LaTeX Font Info:    Trying to load font information for OT1+ptm on input line 237.
 (/usr/share/texlive/texmf-dist/tex/latex/psnfss/ot1ptm.fd
File: ot1ptm.fd 2001/06/04 font definitions for OT1/ptm.
)
LaTeX Font Info:    Font shape `OT1/ptm/bx/n' in size <12> not available
(Font)              Font shape `OT1/ptm/b/n' tried instead on input line 237.
LaTeX Font Info:    Font shape `OT1/ptm/bx/n' in size <9> not available
(Font)              Font shape `OT1/ptm/b/n' tried instead on input line 237.
LaTeX Font Info:    Font shape `OT1/ptm/bx/n' in size <7> not available
(Font)              Font shape `OT1/ptm/b/n' tried instead on input line 237.

Overfull \hbox (4.56003pt too wide) in paragraph at lines 237--237
[]|  |  $[]$ 
 []


pdfTeX warning (ext4): destination with the same identifier (name{page.1}) has been already used, duplicate ignored
<to be read again> 
                   \relax 
l.237 	\imprimirfolhaderosto{}
                               [1



]
<1-pre-textuais/ficha-catalografica.pdf, id=19, 597.55246pt x 845.07718pt>
File: 1-pre-textuais/ficha-catalografica.pdf Graphic file (type pdf)
<use 1-pre-textuais/ficha-catalografica.pdf>
Package pdftex.def Info: 1-pre-textuais/ficha-catalografica.pdf  used on input line 238.
(pdftex.def)             Requested size: 597.551pt x 845.07512pt.
File: 1-pre-textuais/ficha-catalografica.pdf Graphic file (type pdf)
<use 1-pre-textuais/ficha-catalografica.pdf>
Package pdftex.def Info: 1-pre-textuais/ficha-catalografica.pdf  used on input line 238.
(pdftex.def)             Requested size: 597.551pt x 845.07512pt.
<1-pre-textuais/ficha-catalografica.pdf, id=22, page=1, 597.55246pt x 845.07718pt>
File: 1-pre-textuais/ficha-catalografica.pdf Graphic file (type pdf)
<use 1-pre-textuais/ficha-catalografica.pdf, page 1>
Package pdftex.def Info: 1-pre-textuais/ficha-catalografica.pdf , page1 used on input line 238.
(pdftex.def)             Requested size: 597.551pt x 845.07512pt.
File: 1-pre-textuais/ficha-catalografica.pdf Graphic file (type pdf)
<use 1-pre-textuais/ficha-catalografica.pdf, page 1>
Package pdftex.def Info: 1-pre-textuais/ficha-catalografica.pdf , page1 used on input line 238.
(pdftex.def)             Requested size: 597.57834pt x 845.1138pt.
File: 1-pre-textuais/ficha-catalografica.pdf Graphic file (type pdf)
<use 1-pre-textuais/ficha-catalografica.pdf, page 1>
Package pdftex.def Info: 1-pre-textuais/ficha-catalografica.pdf , page1 used on input line 238.
(pdftex.def)             Requested size: 597.57834pt x 845.1138pt.
File: 1-pre-textuais/ficha-catalografica.pdf Graphic file (type pdf)
<use 1-pre-textuais/ficha-catalografica.pdf, page 1>
Package pdftex.def Info: 1-pre-textuais/ficha-catalografica.pdf , page1 used on input line 238.
(pdftex.def)             Requested size: 597.57834pt x 845.1138pt.
File: 1-pre-textuais/ficha-catalografica.pdf Graphic file (type pdf)
<use 1-pre-textuais/ficha-catalografica.pdf, page 1>
Package pdftex.def Info: 1-pre-textuais/ficha-catalografica.pdf , page1 used on input line 238.
(pdftex.def)             Requested size: 597.57834pt x 845.1138pt.
 [2


 <./1-pre-textuais/ficha-catalografica.pdf>]
Underfull \hbox (badness 2846) in paragraph at lines 240--240
\T1/ptm/m/n/12 (+20) do Cen-tro de Xxxxxxxx da Uni-ver-si-dade
 []


Underfull \hbox (badness 10000) in paragraph at lines 240--240

 []


Underfull \hbox (badness 10000) in paragraph at lines 240--240

 []


Overfull \hbox (4.56003pt too wide) in paragraph at lines 240--240
[]|  |  $[]$ 
 []

[3] (./1-pre-textuais/dedicatoria.tex)
Overfull \hbox (4.56003pt too wide) in paragraph at lines 241--242
[]|  |  $[]$
 []

[4] (./1-pre-textuais/agradecimentos.tex) [5

] (./1-pre-textuais/epigrafe.tex)
Overfull \hbox (4.56003pt too wide) in paragraph at lines 243--244
[]|  |  $[]$
 []

[6

] (./1-pre-textuais/resumo.tex) [7] (./1-pre-textuais/abstract.tex) [8

] (./documento.lof) [9

] (./documento.lot) [10]
No file documento.gls.
[11] (./1-pre-textuais/lista-de-simbolos.tex [12

]) (./documento.toc [13

]) [14] (./2-textuais/1-introducao.tex
LaTeX Font Info:    Trying to load font information for TS1+ptm on input line 34.
 (/usr/share/texlive/texmf-dist/tex/latex/psnfss/ts1ptm.fd
File: ts1ptm.fd 2001/06/04 font definitions for TS1/ptm.
) [15


]) (./2-textuais/2-fundamentacao-teorica.tex [16] [17

]

LaTeX Warning: Reference `fig:ciclo-vida-ativos' on page 18 undefined on input line 75.

[18] [19] [20] [21] [22]
<figuras/exemple_BFS.png, id=361, 756.57657pt x 583.42969pt>
File: figuras/exemple_BFS.png Graphic file (type png)
<use figuras/exemple_BFS.png>
Package pdftex.def Info: figuras/exemple_BFS.png  used on input line 297.
(pdftex.def)             Requested size: 398.33858pt x 307.1776pt.
File: figuras/exemple_BFS.png Graphic file (type png)
<use figuras/exemple_BFS.png>
Package pdftex.def Info: figuras/exemple_BFS.png  used on input line 297.
(pdftex.def)             Requested size: 398.33858pt x 307.1776pt.
 [23]
<figuras/exemple_DFS.png, id=373, 547.2947pt x 340.27126pt>
File: figuras/exemple_DFS.png Graphic file (type png)
<use figuras/exemple_DFS.png>
Package pdftex.def Info: figuras/exemple_DFS.png  used on input line 328.
(pdftex.def)             Requested size: 398.33858pt x 247.66385pt.
File: figuras/exemple_DFS.png Graphic file (type png)
<use figuras/exemple_DFS.png>
Package pdftex.def Info: figuras/exemple_DFS.png  used on input line 328.
(pdftex.def)             Requested size: 398.33858pt x 247.66385pt.


LaTeX Warning: `!h' float specifier changed to `!ht'.

[24 <./figuras/exemple_BFS.png>] [25 <./figuras/exemple_DFS.png>]
<figuras/exemple_A_Estrela(Bucareste).png, id=399, 495.35063pt x 551.05875pt>
File: figuras/exemple_A_Estrela(Bucareste).png Graphic file (type png)
<use figuras/exemple_A_Estrela(Bucareste).png>
Package pdftex.def Info: figuras/exemple_A_Estrela(Bucareste).png  used on input line 399.
(pdftex.def)             Requested size: 398.33858pt x 443.13469pt.
File: figuras/exemple_A_Estrela(Bucareste).png Graphic file (type png)
<use figuras/exemple_A_Estrela(Bucareste).png>
Package pdftex.def Info: figuras/exemple_A_Estrela(Bucareste).png  used on input line 399.
(pdftex.def)             Requested size: 398.33858pt x 443.13469pt.


LaTeX Warning: `!h' float specifier changed to `!ht'.

) (./2-textuais/trabalhos-relacionados.tex [26] [27 <./figuras/exemple_A_Estrela(Bucareste).png>] [28

]
LaTeX Font Info:    Font shape `OT1/ptm/bx/n' in size <10> not available
(Font)              Font shape `OT1/ptm/b/n' tried instead on input line 57.
LaTeX Font Info:    Font shape `OT1/ptm/bx/n' in size <7.4> not available
(Font)              Font shape `OT1/ptm/b/n' tried instead on input line 57.
LaTeX Font Info:    Font shape `OT1/ptm/bx/n' in size <6> not available
(Font)              Font shape `OT1/ptm/b/n' tried instead on input line 57.
 [29]

LaTeX Warning: No positions in optional float specifier.
               Default added (so using `tbp') on input line 82.

<figuras/qp1.png, id=436, 863.6265pt x 311.4837pt>
File: figuras/qp1.png Graphic file (type png)
<use figuras/qp1.png>
Package pdftex.def Info: figuras/qp1.png  used on input line 109.
(pdftex.def)             Requested size: 455.24408pt x 164.1968pt.
File: figuras/qp1.png Graphic file (type png)
<use figuras/qp1.png>
Package pdftex.def Info: figuras/qp1.png  used on input line 109.
(pdftex.def)             Requested size: 455.24408pt x 164.1968pt.

Overfull \hbox (11.79996pt too wide) in paragraph at lines 109--110
 []$[]$ 
 []


LaTeX Warning: `!h' float specifier changed to `!ht'.

[30] [31 <./figuras/qp1.png>]
File: figuras/qp1.png Graphic file (type png)
<use figuras/qp1.png>
Package pdftex.def Info: figuras/qp1.png  used on input line 130.
(pdftex.def)             Requested size: 455.24408pt x 164.1968pt.
File: figuras/qp1.png Graphic file (type png)
<use figuras/qp1.png>
Package pdftex.def Info: figuras/qp1.png  used on input line 130.
(pdftex.def)             Requested size: 455.24408pt x 164.1968pt.

Overfull \hbox (11.79996pt too wide) in paragraph at lines 130--131
 []$[]$ 
 []

) (./2-textuais/3-metodologia.tex [32] [33

] [34] [35]) (./2-textuais/4-resultados.tex [36]
<figuras/tensaoimpedanciahumana.png, id=531, 752.8125pt x 436.63126pt>
File: figuras/tensaoimpedanciahumana.png Graphic file (type png)
<use figuras/tensaoimpedanciahumana.png>
Package pdftex.def Info: figuras/tensaoimpedanciahumana.png  used on input line 19.
(pdftex.def)             Requested size: 455.24408pt x 264.04613pt.
File: figuras/tensaoimpedanciahumana.png Graphic file (type png)
<use figuras/tensaoimpedanciahumana.png>
Package pdftex.def Info: figuras/tensaoimpedanciahumana.png  used on input line 19.
(pdftex.def)             Requested size: 455.24408pt x 264.04613pt.

Overfull \hbox (11.79996pt too wide) in paragraph at lines 19--20
 []$[]$ 
 []

<figuras/figura-3.png, id=532, 429.10312pt x 240.9pt>
File: figuras/figura-3.png Graphic file (type png)
<use figuras/figura-3.png>
Package pdftex.def Info: figuras/figura-3.png  used on input line 31.
(pdftex.def)             Requested size: 455.24408pt x 255.577pt.
File: figuras/figura-3.png Graphic file (type png)
<use figuras/figura-3.png>
Package pdftex.def Info: figuras/figura-3.png  used on input line 31.
(pdftex.def)             Requested size: 455.24408pt x 255.577pt.

Overfull \hbox (11.79996pt too wide) in paragraph at lines 31--32
 []$[]$ 
 []


LaTeX Warning: `!h' float specifier changed to `!ht'.

[37

 <./figuras/tensaoimpedanciahumana.PNG>] [38 <./figuras/figura-3.png>]) (./2-textuais/5-conclusao.tex [39]) (./documento.bbl [40

]
bibitemlist
[41

]) [42] (./3-pos-textuais/apendices/apendice-a.tex) (./3-pos-textuais/apendices/apendice-b.tex [43

]) (./3-pos-textuais/apendices/apendice-c.tex [44

] (/usr/share/texlive/texmf-dist/tex/latex/listings/lstlang1.sty
File: lstlang1.sty 2023/02/27 1.9 listings language file
) (/usr/share/texlive/texmf-dist/tex/latex/listings/lstlang1.sty
File: lstlang1.sty 2023/02/27 1.9 listings language file
) (/usr/share/texlive/texmf-dist/tex/latex/listings/lstmisc.sty
File: lstmisc.sty 2023/02/27 1.9 (Carsten Heinz)
)
LaTeX Font Info:    Trying to load font information for T1+cmtt on input line 4.
 (/usr/share/texlive/texmf-dist/tex/latex/base/t1cmtt.fd
File: t1cmtt.fd 2023/04/13 v2.5m Standard LaTeX font definitions
)
Package microtype Info: Loading generic protrusion settings for font family
(microtype)             `cmtt' (encoding: T1).
(microtype)             For optimal results, create family-specific settings.
(microtype)             See the microtype manual for details.
 (./figuras/main.cpp) (/usr/share/texlive/texmf-dist/tex/latex/listings/lstlang1.sty
File: lstlang1.sty 2023/02/27 1.9 listings language file
)) (./3-pos-textuais/apendices/apendice-d.tex [45

{/usr/share/texmf/fonts/enc/dvips/cm-super/cm-super-t1.enc}] [46]

pdfTeX warning: pdflatex (file ./3-pos-textuais/apendices/PID4416093.pdf): PDF inclusion: found PDF version <1.7>, but at most version <1.5> allowed
<3-pos-textuais/apendices/PID4416093.pdf, id=623, 614.295pt x 794.97pt>
File: 3-pos-textuais/apendices/PID4416093.pdf Graphic file (type pdf)
<use 3-pos-textuais/apendices/PID4416093.pdf>
Package pdftex.def Info: 3-pos-textuais/apendices/PID4416093.pdf  used on input line 7.
(pdftex.def)             Requested size: 614.29349pt x 794.96806pt.


pdfTeX warning: pdflatex (file ./3-pos-textuais/apendices/PID4416093.pdf): PDF inclusion: found PDF version <1.7>, but at most version <1.5> allowed
File: 3-pos-textuais/apendices/PID4416093.pdf Graphic file (type pdf)
<use 3-pos-textuais/apendices/PID4416093.pdf>
Package pdftex.def Info: 3-pos-textuais/apendices/PID4416093.pdf  used on input line 7.
(pdftex.def)             Requested size: 614.29349pt x 794.96806pt.


pdfTeX warning: pdflatex (file ./3-pos-textuais/apendices/PID4416093.pdf): PDF inclusion: found PDF version <1.7>, but at most version <1.5> allowed


pdfTeX warning: pdflatex (file ./3-pos-textuais/apendices/PID4416093.pdf): PDF inclusion: found PDF version <1.7>, but at most version <1.5> allowed
<3-pos-textuais/apendices/PID4416093.pdf, id=626, page=1, 614.295pt x 794.97pt>
File: 3-pos-textuais/apendices/PID4416093.pdf Graphic file (type pdf)
<use 3-pos-textuais/apendices/PID4416093.pdf, page 1>
Package pdftex.def Info: 3-pos-textuais/apendices/PID4416093.pdf , page1 used on input line 7.
(pdftex.def)             Requested size: 614.29349pt x 794.96806pt.
File: 3-pos-textuais/apendices/PID4416093.pdf Graphic file (type pdf)
<use 3-pos-textuais/apendices/PID4416093.pdf, page 1>
Package pdftex.def Info: 3-pos-textuais/apendices/PID4416093.pdf , page1 used on input line 7.
(pdftex.def)             Requested size: 597.78697pt x 773.60669pt.
[47

]
File: 3-pos-textuais/apendices/PID4416093.pdf Graphic file (type pdf)
<use 3-pos-textuais/apendices/PID4416093.pdf, page 1>
Package pdftex.def Info: 3-pos-textuais/apendices/PID4416093.pdf , page1 used on input line 7.
(pdftex.def)             Requested size: 597.78697pt x 773.60669pt.
File: 3-pos-textuais/apendices/PID4416093.pdf Graphic file (type pdf)
<use 3-pos-textuais/apendices/PID4416093.pdf, page 1>
Package pdftex.def Info: 3-pos-textuais/apendices/PID4416093.pdf , page1 used on input line 7.
(pdftex.def)             Requested size: 597.78697pt x 773.60669pt.
File: 3-pos-textuais/apendices/PID4416093.pdf Graphic file (type pdf)
<use 3-pos-textuais/apendices/PID4416093.pdf, page 1>
Package pdftex.def Info: 3-pos-textuais/apendices/PID4416093.pdf , page1 used on input line 7.
(pdftex.def)             Requested size: 597.78697pt x 773.60669pt.
 [48

 <./3-pos-textuais/apendices/PID4416093.pdf>]) (./3-pos-textuais/anexos/anexo-a.tex) (./3-pos-textuais/anexos/anexo-b.tex [49

]
<3-pos-textuais/anexos/Sikasil.pdf, id=665, 597.23125pt x 845.1575pt>
File: 3-pos-textuais/anexos/Sikasil.pdf Graphic file (type pdf)
<use 3-pos-textuais/anexos/Sikasil.pdf>
Package pdftex.def Info: 3-pos-textuais/anexos/Sikasil.pdf  used on input line 9.
(pdftex.def)             Requested size: 597.22978pt x 845.15544pt.
File: 3-pos-textuais/anexos/Sikasil.pdf Graphic file (type pdf)
<use 3-pos-textuais/anexos/Sikasil.pdf>
Package pdftex.def Info: 3-pos-textuais/anexos/Sikasil.pdf  used on input line 9.
(pdftex.def)             Requested size: 597.22978pt x 845.15544pt.
<3-pos-textuais/anexos/Sikasil.pdf, id=668, page=1, 597.23125pt x 845.1575pt>
File: 3-pos-textuais/anexos/Sikasil.pdf Graphic file (type pdf)
<use 3-pos-textuais/anexos/Sikasil.pdf, page 1>
Package pdftex.def Info: 3-pos-textuais/anexos/Sikasil.pdf , page1 used on input line 9.
(pdftex.def)             Requested size: 597.22978pt x 845.15544pt.
File: 3-pos-textuais/anexos/Sikasil.pdf Graphic file (type pdf)
<use 3-pos-textuais/anexos/Sikasil.pdf, page 1>
Package pdftex.def Info: 3-pos-textuais/anexos/Sikasil.pdf , page1 used on input line 9.
(pdftex.def)             Requested size: 597.25711pt x 845.19412pt.
 [50

]
File: 3-pos-textuais/anexos/Sikasil.pdf Graphic file (type pdf)
<use 3-pos-textuais/anexos/Sikasil.pdf, page 1>
Package pdftex.def Info: 3-pos-textuais/anexos/Sikasil.pdf , page1 used on input line 9.
(pdftex.def)             Requested size: 597.25711pt x 845.19412pt.
File: 3-pos-textuais/anexos/Sikasil.pdf Graphic file (type pdf)
<use 3-pos-textuais/anexos/Sikasil.pdf, page 1>
Package pdftex.def Info: 3-pos-textuais/anexos/Sikasil.pdf , page1 used on input line 9.
(pdftex.def)             Requested size: 597.25711pt x 845.19412pt.
File: 3-pos-textuais/anexos/Sikasil.pdf Graphic file (type pdf)
<use 3-pos-textuais/anexos/Sikasil.pdf, page 1>
Package pdftex.def Info: 3-pos-textuais/anexos/Sikasil.pdf , page1 used on input line 9.
(pdftex.def)             Requested size: 597.25711pt x 845.19412pt.
 [51

 <./3-pos-textuais/anexos/Sikasil.pdf>]
<3-pos-textuais/anexos/Sikasil.pdf, id=688, page=2, 597.23125pt x 845.1575pt>
File: 3-pos-textuais/anexos/Sikasil.pdf Graphic file (type pdf)
<use 3-pos-textuais/anexos/Sikasil.pdf, page 2>
Package pdftex.def Info: 3-pos-textuais/anexos/Sikasil.pdf , page2 used on input line 9.
(pdftex.def)             Requested size: 597.25711pt x 845.19412pt.
File: 3-pos-textuais/anexos/Sikasil.pdf Graphic file (type pdf)
<use 3-pos-textuais/anexos/Sikasil.pdf, page 2>
Package pdftex.def Info: 3-pos-textuais/anexos/Sikasil.pdf , page2 used on input line 9.
(pdftex.def)             Requested size: 597.25711pt x 845.19412pt.
File: 3-pos-textuais/anexos/Sikasil.pdf Graphic file (type pdf)
<use 3-pos-textuais/anexos/Sikasil.pdf, page 2>
Package pdftex.def Info: 3-pos-textuais/anexos/Sikasil.pdf , page2 used on input line 9.
(pdftex.def)             Requested size: 597.25711pt x 845.19412pt.
 [52

 <./3-pos-textuais/anexos/Sikasil.pdf>]) (./documento.ind [53



])
\tf@lof=\write7
\openout7 = `documento.lof'.

\tf@lot=\write8
\openout8 = `documento.lot'.

\tf@toc=\write9
\openout9 = `documento.toc'.

 (./documento.aux)
 ***********
LaTeX2e <2023-11-01> patch level 1
L3 programming layer <2020/03/25>
 ***********


LaTeX Warning: There were undefined references.

 ) 
Here is how much of TeX's memory you used:
 33991 strings out of 474222
 574174 string characters out of 5748733
 1994975 words of memory out of 5000000
 55110 multiletter control sequences out of 15000+600000
 632962 words of font info for 351 fonts, out of 8000000 for 9000
 1141 hyphenation exceptions out of 8191
 99i,20n,120p,2402b,1488s stack positions out of 10000i,1000n,20000p,200000b,200000s

pdfTeX warning (dest): name{glo:PDF} has been referenced but does not exist, replaced by a fixed one

</usr/share/texlive/texmf-dist/fonts/type1/public/amsfonts/cm/cmex10.pfb></usr/share/texlive/texmf-dist/fonts/type1/public/amsfonts/cm/cmmi10.pfb></usr/share/texlive/texmf-dist/fonts/type1/public/amsfonts/cm/cmr10.pfb></usr/share/texlive/texmf-dist/fonts/type1/public/amsfonts/cm/cmsy10.pfb></usr/share/texmf/fonts/type1/public/cm-super/sftt1200.pfb></usr/share/texlive/texmf-dist/fonts/type1/urw/symbol/usyr.pfb></usr/share/texlive/texmf-dist/fonts/type1/urw/symbol/usyr.pfb></usr/share/texlive/texmf-dist/fonts/type1/urw/times/utmb8a.pfb></usr/share/texlive/texmf-dist/fonts/type1/urw/times/utmbi8a.pfb></usr/share/texlive/texmf-dist/fonts/type1/urw/times/utmr8a.pfb></usr/share/texlive/texmf-dist/fonts/type1/urw/times/utmri8a.pfb>
Output written on documento.pdf (54 pages, 1539198 bytes).
PDF statistics:
 987 PDF objects out of 1000 (max. 8388607)
 844 compressed objects within 9 object streams
 198 named destinations out of 1000 (max. 500000)
 74285 words of extra memory for PDF output out of 74296 (max. 10000000)

